2022-05-06 14:04:58.490 DEBUG [main] [] - Using io.vertx.core.logging.Log4j2LogDelegateFactory
2022-05-06 14:04:58.516 DEBUG [main] [io.netty.util.internal.logging.InternalLoggerFactory.useLog4J2LoggerFactory(InternalLoggerFactory.java:76)] - Using Log4J2 as the default logging framework
2022-05-06 14:04:58.518 DEBUG [main] [io.netty.util.internal.PlatformDependent0.explicitNoUnsafeCause0(PlatformDependent0.java:460)] - -Dio.netty.noUnsafe: false
2022-05-06 14:04:58.519 DEBUG [main] [io.netty.util.internal.PlatformDependent0.javaVersion0(PlatformDependent0.java:954)] - Java version: 18
2022-05-06 14:04:58.519 DEBUG [main] [io.netty.util.internal.PlatformDependent0.<clinit>(PlatformDependent0.java:135)] - sun.misc.Unsafe.theUnsafe: available
2022-05-06 14:04:58.520 DEBUG [main] [io.netty.util.internal.PlatformDependent0.<clinit>(PlatformDependent0.java:159)] - sun.misc.Unsafe.copyMemory: available
2022-05-06 14:04:58.520 DEBUG [main] [io.netty.util.internal.PlatformDependent0.<clinit>(PlatformDependent0.java:202)] - java.nio.Buffer.address: available
2022-05-06 14:04:58.521 DEBUG [main] [io.netty.util.internal.PlatformDependent0.<clinit>(PlatformDependent0.java:285)] - direct buffer constructor: unavailable: Reflective setAccessible(true) disabled
2022-05-06 14:04:58.521 DEBUG [main] [io.netty.util.internal.PlatformDependent0.<clinit>(PlatformDependent0.java:350)] - java.nio.Bits.unaligned: available, true
2022-05-06 14:04:58.522 DEBUG [main] [io.netty.util.internal.PlatformDependent0.<clinit>(PlatformDependent0.java:417)] - jdk.internal.misc.Unsafe.allocateUninitializedArray(int): unavailable: class io.netty.util.internal.PlatformDependent0$6 cannot access class jdk.internal.misc.Unsafe (in module java.base) because module java.base does not export jdk.internal.misc to unnamed module @27fe3806
2022-05-06 14:04:58.522 DEBUG [main] [io.netty.util.internal.PlatformDependent0.<clinit>(PlatformDependent0.java:446)] - java.nio.DirectByteBuffer.<init>(long, int): unavailable
2022-05-06 14:04:58.522 DEBUG [main] [io.netty.util.internal.PlatformDependent.unsafeUnavailabilityCause0(PlatformDependent.java:1116)] - sun.misc.Unsafe: available
2022-05-06 14:04:58.523 DEBUG [main] [io.netty.util.internal.PlatformDependent.maxDirectMemory0(PlatformDependent.java:1218)] - maxDirectMemory: 4294967296 bytes (maybe)
2022-05-06 14:04:58.523 DEBUG [main] [io.netty.util.internal.PlatformDependent.tmpdir0(PlatformDependent.java:1237)] - -Dio.netty.tmpdir: /var/folders/34/h10wlv6x4yq878y4tb19s4bw0000gn/T (java.io.tmpdir)
2022-05-06 14:04:58.523 DEBUG [main] [io.netty.util.internal.PlatformDependent.bitMode0(PlatformDependent.java:1316)] - -Dio.netty.bitMode: 64 (sun.arch.data.model)
2022-05-06 14:04:58.523 DEBUG [main] [io.netty.util.internal.PlatformDependent.isOsx0(PlatformDependent.java:1084)] - Platform: MacOS
2022-05-06 14:04:58.523 DEBUG [main] [io.netty.util.internal.PlatformDependent.<clinit>(PlatformDependent.java:178)] - -Dio.netty.maxDirectMemory: -1 bytes
2022-05-06 14:04:58.524 DEBUG [main] [io.netty.util.internal.PlatformDependent.<clinit>(PlatformDependent.java:185)] - -Dio.netty.uninitializedArrayAllocationThreshold: -1
2022-05-06 14:04:58.525 DEBUG [main] [io.netty.util.internal.CleanerJava9.<clinit>(CleanerJava9.java:71)] - java.nio.ByteBuffer.cleaner(): available
2022-05-06 14:04:58.525 DEBUG [main] [io.netty.util.internal.PlatformDependent.<clinit>(PlatformDependent.java:205)] - -Dio.netty.noPreferDirect: false
2022-05-06 14:04:58.532 DEBUG [main] [io.netty.util.ResourceLeakDetector.<clinit>(ResourceLeakDetector.java:129)] - -Dio.netty.leakDetection.level: simple
2022-05-06 14:04:58.532 DEBUG [main] [io.netty.util.ResourceLeakDetector.<clinit>(ResourceLeakDetector.java:130)] - -Dio.netty.leakDetection.targetRecords: 4
2022-05-06 14:04:58.541 DEBUG [main] [io.netty.channel.MultithreadEventLoopGroup.<clinit>(MultithreadEventLoopGroup.java:44)] - -Dio.netty.eventLoopThreads: 16
2022-05-06 14:04:58.549 DEBUG [main] [io.netty.util.internal.InternalThreadLocalMap.<clinit>(InternalThreadLocalMap.java:86)] - -Dio.netty.threadLocalMap.stringBuilder.initialSize: 1024
2022-05-06 14:04:58.549 DEBUG [main] [io.netty.util.internal.InternalThreadLocalMap.<clinit>(InternalThreadLocalMap.java:89)] - -Dio.netty.threadLocalMap.stringBuilder.maxSize: 4096
2022-05-06 14:04:58.552 DEBUG [main] [io.netty.channel.nio.NioEventLoop.<clinit>(NioEventLoop.java:109)] - -Dio.netty.noKeySetOptimization: false
2022-05-06 14:04:58.552 DEBUG [main] [io.netty.channel.nio.NioEventLoop.<clinit>(NioEventLoop.java:110)] - -Dio.netty.selectorAutoRebuildThreshold: 512
2022-05-06 14:04:58.555 DEBUG [main] [io.netty.util.internal.PlatformDependent$Mpsc.<clinit>(PlatformDependent.java:967)] - org.jctools-core.MpscChunkedArrayQueue: available
2022-05-06 14:04:58.572 DEBUG [main] [io.netty.resolver.dns.DefaultDnsServerAddressStreamProvider.<clinit>(DefaultDnsServerAddressStreamProvider.java:80)] - Default DNS servers: [/192.168.0.1:53] (sun.net.dns.ResolverConfiguration)
2022-05-06 14:04:58.574 DEBUG [main] [io.netty.util.NetUtil.<clinit>(NetUtil.java:135)] - -Djava.net.preferIPv4Stack: false
2022-05-06 14:04:58.575 DEBUG [main] [io.netty.util.NetUtil.<clinit>(NetUtil.java:136)] - -Djava.net.preferIPv6Addresses: false
2022-05-06 14:04:58.580 DEBUG [main] [io.netty.util.NetUtilInitializations.determineLoopback(NetUtilInitializations.java:129)] - Loopback interface: lo0 (lo0, 0:0:0:0:0:0:0:1%lo0)
2022-05-06 14:04:58.580 DEBUG [main] [io.netty.util.NetUtil$1.run(NetUtil.java:187)] - Failed to get SOMAXCONN from sysctl and file /proc/sys/net/core/somaxconn. Default: 128
2022-05-06 14:04:58.621 DEBUG [vert.x-eventloop-thread-0] [io.netty.buffer.PooledByteBufAllocator.<clinit>(PooledByteBufAllocator.java:155)] - -Dio.netty.allocator.numHeapArenas: 16
2022-05-06 14:04:58.621 DEBUG [vert.x-eventloop-thread-0] [io.netty.buffer.PooledByteBufAllocator.<clinit>(PooledByteBufAllocator.java:156)] - -Dio.netty.allocator.numDirectArenas: 16
2022-05-06 14:04:58.621 DEBUG [vert.x-eventloop-thread-0] [io.netty.buffer.PooledByteBufAllocator.<clinit>(PooledByteBufAllocator.java:158)] - -Dio.netty.allocator.pageSize: 8192
2022-05-06 14:04:58.621 DEBUG [vert.x-eventloop-thread-0] [io.netty.buffer.PooledByteBufAllocator.<clinit>(PooledByteBufAllocator.java:163)] - -Dio.netty.allocator.maxOrder: 11
2022-05-06 14:04:58.621 DEBUG [vert.x-eventloop-thread-0] [io.netty.buffer.PooledByteBufAllocator.<clinit>(PooledByteBufAllocator.java:167)] - -Dio.netty.allocator.chunkSize: 16777216
2022-05-06 14:04:58.622 DEBUG [vert.x-eventloop-thread-0] [io.netty.buffer.PooledByteBufAllocator.<clinit>(PooledByteBufAllocator.java:168)] - -Dio.netty.allocator.smallCacheSize: 256
2022-05-06 14:04:58.622 DEBUG [vert.x-eventloop-thread-0] [io.netty.buffer.PooledByteBufAllocator.<clinit>(PooledByteBufAllocator.java:169)] - -Dio.netty.allocator.normalCacheSize: 64
2022-05-06 14:04:58.622 DEBUG [vert.x-eventloop-thread-0] [io.netty.buffer.PooledByteBufAllocator.<clinit>(PooledByteBufAllocator.java:170)] - -Dio.netty.allocator.maxCachedBufferCapacity: 32768
2022-05-06 14:04:58.622 DEBUG [vert.x-eventloop-thread-0] [io.netty.buffer.PooledByteBufAllocator.<clinit>(PooledByteBufAllocator.java:171)] - -Dio.netty.allocator.cacheTrimInterval: 8192
2022-05-06 14:04:58.622 DEBUG [vert.x-eventloop-thread-0] [io.netty.buffer.PooledByteBufAllocator.<clinit>(PooledByteBufAllocator.java:172)] - -Dio.netty.allocator.cacheTrimIntervalMillis: 0
2022-05-06 14:04:58.622 DEBUG [vert.x-eventloop-thread-0] [io.netty.buffer.PooledByteBufAllocator.<clinit>(PooledByteBufAllocator.java:173)] - -Dio.netty.allocator.useCacheForAllThreads: true
2022-05-06 14:04:58.622 DEBUG [vert.x-eventloop-thread-0] [io.netty.buffer.PooledByteBufAllocator.<clinit>(PooledByteBufAllocator.java:174)] - -Dio.netty.allocator.maxCachedByteBuffersPerChunk: 1023
2022-05-06 14:04:58.637 DEBUG [vert.x-eventloop-thread-0] [io.netty.channel.DefaultChannelId.<clinit>(DefaultChannelId.java:79)] - -Dio.netty.processId: 98029 (auto-detected)
2022-05-06 14:04:58.640 DEBUG [vert.x-eventloop-thread-0] [io.netty.channel.DefaultChannelId.<clinit>(DefaultChannelId.java:101)] - -Dio.netty.machineId: a0:78:17:ff:fe:b0:e2:09 (auto-detected)
2022-05-06 14:04:58.649 DEBUG [vert.x-eventloop-thread-0] [io.netty.buffer.ByteBufUtil.<clinit>(ByteBufUtil.java:87)] - -Dio.netty.allocator.type: pooled
2022-05-06 14:04:58.650 DEBUG [vert.x-eventloop-thread-0] [io.netty.buffer.ByteBufUtil.<clinit>(ByteBufUtil.java:96)] - -Dio.netty.threadLocalDirectBufferSize: 0
2022-05-06 14:04:58.650 DEBUG [vert.x-eventloop-thread-0] [io.netty.buffer.ByteBufUtil.<clinit>(ByteBufUtil.java:99)] - -Dio.netty.maxThreadLocalCharBufferSize: 16384
2022-05-06 14:07:26.768 DEBUG [main] [] - Using io.vertx.core.logging.Log4j2LogDelegateFactory
2022-05-06 14:07:26.796 DEBUG [main] [io.netty.util.internal.logging.InternalLoggerFactory.useLog4J2LoggerFactory(InternalLoggerFactory.java:76)] - Using Log4J2 as the default logging framework
2022-05-06 14:07:26.798 DEBUG [main] [io.netty.util.internal.PlatformDependent0.explicitNoUnsafeCause0(PlatformDependent0.java:460)] - -Dio.netty.noUnsafe: false
2022-05-06 14:07:26.798 DEBUG [main] [io.netty.util.internal.PlatformDependent0.javaVersion0(PlatformDependent0.java:954)] - Java version: 18
2022-05-06 14:07:26.799 DEBUG [main] [io.netty.util.internal.PlatformDependent0.<clinit>(PlatformDependent0.java:135)] - sun.misc.Unsafe.theUnsafe: available
2022-05-06 14:07:26.799 DEBUG [main] [io.netty.util.internal.PlatformDependent0.<clinit>(PlatformDependent0.java:159)] - sun.misc.Unsafe.copyMemory: available
2022-05-06 14:07:26.800 DEBUG [main] [io.netty.util.internal.PlatformDependent0.<clinit>(PlatformDependent0.java:202)] - java.nio.Buffer.address: available
2022-05-06 14:07:26.800 DEBUG [main] [io.netty.util.internal.PlatformDependent0.<clinit>(PlatformDependent0.java:285)] - direct buffer constructor: unavailable: Reflective setAccessible(true) disabled
2022-05-06 14:07:26.801 DEBUG [main] [io.netty.util.internal.PlatformDependent0.<clinit>(PlatformDependent0.java:350)] - java.nio.Bits.unaligned: available, true
2022-05-06 14:07:26.801 DEBUG [main] [io.netty.util.internal.PlatformDependent0.<clinit>(PlatformDependent0.java:417)] - jdk.internal.misc.Unsafe.allocateUninitializedArray(int): unavailable: class io.netty.util.internal.PlatformDependent0$6 cannot access class jdk.internal.misc.Unsafe (in module java.base) because module java.base does not export jdk.internal.misc to unnamed module @27fe3806
2022-05-06 14:07:26.802 DEBUG [main] [io.netty.util.internal.PlatformDependent0.<clinit>(PlatformDependent0.java:446)] - java.nio.DirectByteBuffer.<init>(long, int): unavailable
2022-05-06 14:07:26.802 DEBUG [main] [io.netty.util.internal.PlatformDependent.unsafeUnavailabilityCause0(PlatformDependent.java:1116)] - sun.misc.Unsafe: available
2022-05-06 14:07:26.802 DEBUG [main] [io.netty.util.internal.PlatformDependent.maxDirectMemory0(PlatformDependent.java:1218)] - maxDirectMemory: 4294967296 bytes (maybe)
2022-05-06 14:07:26.802 DEBUG [main] [io.netty.util.internal.PlatformDependent.tmpdir0(PlatformDependent.java:1237)] - -Dio.netty.tmpdir: /var/folders/34/h10wlv6x4yq878y4tb19s4bw0000gn/T (java.io.tmpdir)
2022-05-06 14:07:26.803 DEBUG [main] [io.netty.util.internal.PlatformDependent.bitMode0(PlatformDependent.java:1316)] - -Dio.netty.bitMode: 64 (sun.arch.data.model)
2022-05-06 14:07:26.803 DEBUG [main] [io.netty.util.internal.PlatformDependent.isOsx0(PlatformDependent.java:1084)] - Platform: MacOS
2022-05-06 14:07:26.803 DEBUG [main] [io.netty.util.internal.PlatformDependent.<clinit>(PlatformDependent.java:178)] - -Dio.netty.maxDirectMemory: -1 bytes
2022-05-06 14:07:26.803 DEBUG [main] [io.netty.util.internal.PlatformDependent.<clinit>(PlatformDependent.java:185)] - -Dio.netty.uninitializedArrayAllocationThreshold: -1
2022-05-06 14:07:26.805 DEBUG [main] [io.netty.util.internal.CleanerJava9.<clinit>(CleanerJava9.java:71)] - java.nio.ByteBuffer.cleaner(): available
2022-05-06 14:07:26.805 DEBUG [main] [io.netty.util.internal.PlatformDependent.<clinit>(PlatformDependent.java:205)] - -Dio.netty.noPreferDirect: false
2022-05-06 14:07:26.813 DEBUG [main] [io.netty.util.ResourceLeakDetector.<clinit>(ResourceLeakDetector.java:129)] - -Dio.netty.leakDetection.level: simple
2022-05-06 14:07:26.813 DEBUG [main] [io.netty.util.ResourceLeakDetector.<clinit>(ResourceLeakDetector.java:130)] - -Dio.netty.leakDetection.targetRecords: 4
2022-05-06 14:07:26.823 DEBUG [main] [io.netty.channel.MultithreadEventLoopGroup.<clinit>(MultithreadEventLoopGroup.java:44)] - -Dio.netty.eventLoopThreads: 16
2022-05-06 14:07:26.832 DEBUG [main] [io.netty.util.internal.InternalThreadLocalMap.<clinit>(InternalThreadLocalMap.java:86)] - -Dio.netty.threadLocalMap.stringBuilder.initialSize: 1024
2022-05-06 14:07:26.833 DEBUG [main] [io.netty.util.internal.InternalThreadLocalMap.<clinit>(InternalThreadLocalMap.java:89)] - -Dio.netty.threadLocalMap.stringBuilder.maxSize: 4096
2022-05-06 14:07:26.836 DEBUG [main] [io.netty.channel.nio.NioEventLoop.<clinit>(NioEventLoop.java:109)] - -Dio.netty.noKeySetOptimization: false
2022-05-06 14:07:26.836 DEBUG [main] [io.netty.channel.nio.NioEventLoop.<clinit>(NioEventLoop.java:110)] - -Dio.netty.selectorAutoRebuildThreshold: 512
2022-05-06 14:07:26.839 DEBUG [main] [io.netty.util.internal.PlatformDependent$Mpsc.<clinit>(PlatformDependent.java:967)] - org.jctools-core.MpscChunkedArrayQueue: available
2022-05-06 14:07:26.855 DEBUG [main] [io.netty.resolver.dns.DefaultDnsServerAddressStreamProvider.<clinit>(DefaultDnsServerAddressStreamProvider.java:80)] - Default DNS servers: [/192.168.0.1:53] (sun.net.dns.ResolverConfiguration)
2022-05-06 14:07:26.858 DEBUG [main] [io.netty.util.NetUtil.<clinit>(NetUtil.java:135)] - -Djava.net.preferIPv4Stack: false
2022-05-06 14:07:26.858 DEBUG [main] [io.netty.util.NetUtil.<clinit>(NetUtil.java:136)] - -Djava.net.preferIPv6Addresses: false
2022-05-06 14:07:26.863 DEBUG [main] [io.netty.util.NetUtilInitializations.determineLoopback(NetUtilInitializations.java:129)] - Loopback interface: lo0 (lo0, 0:0:0:0:0:0:0:1%lo0)
2022-05-06 14:07:26.864 DEBUG [main] [io.netty.util.NetUtil$1.run(NetUtil.java:187)] - Failed to get SOMAXCONN from sysctl and file /proc/sys/net/core/somaxconn. Default: 128
2022-05-06 14:07:26.905 DEBUG [vert.x-eventloop-thread-0] [io.netty.buffer.PooledByteBufAllocator.<clinit>(PooledByteBufAllocator.java:155)] - -Dio.netty.allocator.numHeapArenas: 16
2022-05-06 14:07:26.905 DEBUG [vert.x-eventloop-thread-0] [io.netty.buffer.PooledByteBufAllocator.<clinit>(PooledByteBufAllocator.java:156)] - -Dio.netty.allocator.numDirectArenas: 16
2022-05-06 14:07:26.905 DEBUG [vert.x-eventloop-thread-0] [io.netty.buffer.PooledByteBufAllocator.<clinit>(PooledByteBufAllocator.java:158)] - -Dio.netty.allocator.pageSize: 8192
2022-05-06 14:07:26.905 DEBUG [vert.x-eventloop-thread-0] [io.netty.buffer.PooledByteBufAllocator.<clinit>(PooledByteBufAllocator.java:163)] - -Dio.netty.allocator.maxOrder: 11
2022-05-06 14:07:26.905 DEBUG [vert.x-eventloop-thread-0] [io.netty.buffer.PooledByteBufAllocator.<clinit>(PooledByteBufAllocator.java:167)] - -Dio.netty.allocator.chunkSize: 16777216
2022-05-06 14:07:26.905 DEBUG [vert.x-eventloop-thread-0] [io.netty.buffer.PooledByteBufAllocator.<clinit>(PooledByteBufAllocator.java:168)] - -Dio.netty.allocator.smallCacheSize: 256
2022-05-06 14:07:26.906 DEBUG [vert.x-eventloop-thread-0] [io.netty.buffer.PooledByteBufAllocator.<clinit>(PooledByteBufAllocator.java:169)] - -Dio.netty.allocator.normalCacheSize: 64
2022-05-06 14:07:26.906 DEBUG [vert.x-eventloop-thread-0] [io.netty.buffer.PooledByteBufAllocator.<clinit>(PooledByteBufAllocator.java:170)] - -Dio.netty.allocator.maxCachedBufferCapacity: 32768
2022-05-06 14:07:26.906 DEBUG [vert.x-eventloop-thread-0] [io.netty.buffer.PooledByteBufAllocator.<clinit>(PooledByteBufAllocator.java:171)] - -Dio.netty.allocator.cacheTrimInterval: 8192
2022-05-06 14:07:26.906 DEBUG [vert.x-eventloop-thread-0] [io.netty.buffer.PooledByteBufAllocator.<clinit>(PooledByteBufAllocator.java:172)] - -Dio.netty.allocator.cacheTrimIntervalMillis: 0
2022-05-06 14:07:26.906 DEBUG [vert.x-eventloop-thread-0] [io.netty.buffer.PooledByteBufAllocator.<clinit>(PooledByteBufAllocator.java:173)] - -Dio.netty.allocator.useCacheForAllThreads: true
2022-05-06 14:07:26.906 DEBUG [vert.x-eventloop-thread-0] [io.netty.buffer.PooledByteBufAllocator.<clinit>(PooledByteBufAllocator.java:174)] - -Dio.netty.allocator.maxCachedByteBuffersPerChunk: 1023
2022-05-06 14:07:26.919 DEBUG [vert.x-eventloop-thread-0] [io.netty.channel.DefaultChannelId.<clinit>(DefaultChannelId.java:79)] - -Dio.netty.processId: 98442 (auto-detected)
2022-05-06 14:07:26.923 DEBUG [vert.x-eventloop-thread-0] [io.netty.channel.DefaultChannelId.<clinit>(DefaultChannelId.java:101)] - -Dio.netty.machineId: a0:78:17:ff:fe:b0:e2:09 (auto-detected)
2022-05-06 14:07:26.932 DEBUG [vert.x-eventloop-thread-0] [io.netty.buffer.ByteBufUtil.<clinit>(ByteBufUtil.java:87)] - -Dio.netty.allocator.type: pooled
2022-05-06 14:07:26.932 DEBUG [vert.x-eventloop-thread-0] [io.netty.buffer.ByteBufUtil.<clinit>(ByteBufUtil.java:96)] - -Dio.netty.threadLocalDirectBufferSize: 0
2022-05-06 14:07:26.932 DEBUG [vert.x-eventloop-thread-0] [io.netty.buffer.ByteBufUtil.<clinit>(ByteBufUtil.java:99)] - -Dio.netty.maxThreadLocalCharBufferSize: 16384
2022-05-06 14:10:12.969 DEBUG [main] [] - Using io.vertx.core.logging.Log4j2LogDelegateFactory
2022-05-06 14:10:13.002 DEBUG [main] [io.netty.util.internal.logging.InternalLoggerFactory.useLog4J2LoggerFactory(InternalLoggerFactory.java:76)] - Using Log4J2 as the default logging framework
2022-05-06 14:10:13.007 DEBUG [main] [io.netty.util.internal.PlatformDependent0.explicitNoUnsafeCause0(PlatformDependent0.java:460)] - -Dio.netty.noUnsafe: false
2022-05-06 14:10:13.007 DEBUG [main] [io.netty.util.internal.PlatformDependent0.javaVersion0(PlatformDependent0.java:954)] - Java version: 18
2022-05-06 14:10:13.009 DEBUG [main] [io.netty.util.internal.PlatformDependent0.<clinit>(PlatformDependent0.java:135)] - sun.misc.Unsafe.theUnsafe: available
2022-05-06 14:10:13.010 DEBUG [main] [io.netty.util.internal.PlatformDependent0.<clinit>(PlatformDependent0.java:159)] - sun.misc.Unsafe.copyMemory: available
2022-05-06 14:10:13.010 DEBUG [main] [io.netty.util.internal.PlatformDependent0.<clinit>(PlatformDependent0.java:202)] - java.nio.Buffer.address: available
2022-05-06 14:10:13.010 DEBUG [main] [io.netty.util.internal.PlatformDependent0.<clinit>(PlatformDependent0.java:285)] - direct buffer constructor: unavailable: Reflective setAccessible(true) disabled
2022-05-06 14:10:13.011 DEBUG [main] [io.netty.util.internal.PlatformDependent0.<clinit>(PlatformDependent0.java:350)] - java.nio.Bits.unaligned: available, true
2022-05-06 14:10:13.012 DEBUG [main] [io.netty.util.internal.PlatformDependent0.<clinit>(PlatformDependent0.java:417)] - jdk.internal.misc.Unsafe.allocateUninitializedArray(int): unavailable: class io.netty.util.internal.PlatformDependent0$6 cannot access class jdk.internal.misc.Unsafe (in module java.base) because module java.base does not export jdk.internal.misc to unnamed module @27fe3806
2022-05-06 14:10:13.012 DEBUG [main] [io.netty.util.internal.PlatformDependent0.<clinit>(PlatformDependent0.java:446)] - java.nio.DirectByteBuffer.<init>(long, int): unavailable
2022-05-06 14:10:13.013 DEBUG [main] [io.netty.util.internal.PlatformDependent.unsafeUnavailabilityCause0(PlatformDependent.java:1116)] - sun.misc.Unsafe: available
2022-05-06 14:10:13.013 DEBUG [main] [io.netty.util.internal.PlatformDependent.maxDirectMemory0(PlatformDependent.java:1218)] - maxDirectMemory: 4294967296 bytes (maybe)
2022-05-06 14:10:13.014 DEBUG [main] [io.netty.util.internal.PlatformDependent.tmpdir0(PlatformDependent.java:1237)] - -Dio.netty.tmpdir: /var/folders/34/h10wlv6x4yq878y4tb19s4bw0000gn/T (java.io.tmpdir)
2022-05-06 14:10:13.014 DEBUG [main] [io.netty.util.internal.PlatformDependent.bitMode0(PlatformDependent.java:1316)] - -Dio.netty.bitMode: 64 (sun.arch.data.model)
2022-05-06 14:10:13.014 DEBUG [main] [io.netty.util.internal.PlatformDependent.isOsx0(PlatformDependent.java:1084)] - Platform: MacOS
2022-05-06 14:10:13.015 DEBUG [main] [io.netty.util.internal.PlatformDependent.<clinit>(PlatformDependent.java:178)] - -Dio.netty.maxDirectMemory: -1 bytes
2022-05-06 14:10:13.015 DEBUG [main] [io.netty.util.internal.PlatformDependent.<clinit>(PlatformDependent.java:185)] - -Dio.netty.uninitializedArrayAllocationThreshold: -1
2022-05-06 14:10:13.016 DEBUG [main] [io.netty.util.internal.CleanerJava9.<clinit>(CleanerJava9.java:71)] - java.nio.ByteBuffer.cleaner(): available
2022-05-06 14:10:13.017 DEBUG [main] [io.netty.util.internal.PlatformDependent.<clinit>(PlatformDependent.java:205)] - -Dio.netty.noPreferDirect: false
2022-05-06 14:10:13.024 DEBUG [main] [io.netty.util.ResourceLeakDetector.<clinit>(ResourceLeakDetector.java:129)] - -Dio.netty.leakDetection.level: simple
2022-05-06 14:10:13.024 DEBUG [main] [io.netty.util.ResourceLeakDetector.<clinit>(ResourceLeakDetector.java:130)] - -Dio.netty.leakDetection.targetRecords: 4
2022-05-06 14:10:13.033 DEBUG [main] [io.netty.channel.MultithreadEventLoopGroup.<clinit>(MultithreadEventLoopGroup.java:44)] - -Dio.netty.eventLoopThreads: 16
2022-05-06 14:10:13.040 DEBUG [main] [io.netty.util.internal.InternalThreadLocalMap.<clinit>(InternalThreadLocalMap.java:86)] - -Dio.netty.threadLocalMap.stringBuilder.initialSize: 1024
2022-05-06 14:10:13.040 DEBUG [main] [io.netty.util.internal.InternalThreadLocalMap.<clinit>(InternalThreadLocalMap.java:89)] - -Dio.netty.threadLocalMap.stringBuilder.maxSize: 4096
2022-05-06 14:10:13.043 DEBUG [main] [io.netty.channel.nio.NioEventLoop.<clinit>(NioEventLoop.java:109)] - -Dio.netty.noKeySetOptimization: false
2022-05-06 14:10:13.043 DEBUG [main] [io.netty.channel.nio.NioEventLoop.<clinit>(NioEventLoop.java:110)] - -Dio.netty.selectorAutoRebuildThreshold: 512
2022-05-06 14:10:13.046 DEBUG [main] [io.netty.util.internal.PlatformDependent$Mpsc.<clinit>(PlatformDependent.java:967)] - org.jctools-core.MpscChunkedArrayQueue: available
2022-05-06 14:10:13.062 DEBUG [main] [io.netty.resolver.dns.DefaultDnsServerAddressStreamProvider.<clinit>(DefaultDnsServerAddressStreamProvider.java:80)] - Default DNS servers: [/192.168.0.1:53] (sun.net.dns.ResolverConfiguration)
2022-05-06 14:10:13.065 DEBUG [main] [io.netty.util.NetUtil.<clinit>(NetUtil.java:135)] - -Djava.net.preferIPv4Stack: false
2022-05-06 14:10:13.065 DEBUG [main] [io.netty.util.NetUtil.<clinit>(NetUtil.java:136)] - -Djava.net.preferIPv6Addresses: false
2022-05-06 14:10:13.070 DEBUG [main] [io.netty.util.NetUtilInitializations.determineLoopback(NetUtilInitializations.java:129)] - Loopback interface: lo0 (lo0, 0:0:0:0:0:0:0:1%lo0)
2022-05-06 14:10:13.071 DEBUG [main] [io.netty.util.NetUtil$1.run(NetUtil.java:187)] - Failed to get SOMAXCONN from sysctl and file /proc/sys/net/core/somaxconn. Default: 128
2022-05-06 14:10:13.114 DEBUG [vert.x-eventloop-thread-0] [io.netty.buffer.PooledByteBufAllocator.<clinit>(PooledByteBufAllocator.java:155)] - -Dio.netty.allocator.numHeapArenas: 16
2022-05-06 14:10:13.114 DEBUG [vert.x-eventloop-thread-0] [io.netty.buffer.PooledByteBufAllocator.<clinit>(PooledByteBufAllocator.java:156)] - -Dio.netty.allocator.numDirectArenas: 16
2022-05-06 14:10:13.114 DEBUG [vert.x-eventloop-thread-0] [io.netty.buffer.PooledByteBufAllocator.<clinit>(PooledByteBufAllocator.java:158)] - -Dio.netty.allocator.pageSize: 8192
2022-05-06 14:10:13.114 DEBUG [vert.x-eventloop-thread-0] [io.netty.buffer.PooledByteBufAllocator.<clinit>(PooledByteBufAllocator.java:163)] - -Dio.netty.allocator.maxOrder: 11
2022-05-06 14:10:13.114 DEBUG [vert.x-eventloop-thread-0] [io.netty.buffer.PooledByteBufAllocator.<clinit>(PooledByteBufAllocator.java:167)] - -Dio.netty.allocator.chunkSize: 16777216
2022-05-06 14:10:13.114 DEBUG [vert.x-eventloop-thread-0] [io.netty.buffer.PooledByteBufAllocator.<clinit>(PooledByteBufAllocator.java:168)] - -Dio.netty.allocator.smallCacheSize: 256
2022-05-06 14:10:13.114 DEBUG [vert.x-eventloop-thread-0] [io.netty.buffer.PooledByteBufAllocator.<clinit>(PooledByteBufAllocator.java:169)] - -Dio.netty.allocator.normalCacheSize: 64
2022-05-06 14:10:13.115 DEBUG [vert.x-eventloop-thread-0] [io.netty.buffer.PooledByteBufAllocator.<clinit>(PooledByteBufAllocator.java:170)] - -Dio.netty.allocator.maxCachedBufferCapacity: 32768
2022-05-06 14:10:13.115 DEBUG [vert.x-eventloop-thread-0] [io.netty.buffer.PooledByteBufAllocator.<clinit>(PooledByteBufAllocator.java:171)] - -Dio.netty.allocator.cacheTrimInterval: 8192
2022-05-06 14:10:13.115 DEBUG [vert.x-eventloop-thread-0] [io.netty.buffer.PooledByteBufAllocator.<clinit>(PooledByteBufAllocator.java:172)] - -Dio.netty.allocator.cacheTrimIntervalMillis: 0
2022-05-06 14:10:13.115 DEBUG [vert.x-eventloop-thread-0] [io.netty.buffer.PooledByteBufAllocator.<clinit>(PooledByteBufAllocator.java:173)] - -Dio.netty.allocator.useCacheForAllThreads: true
2022-05-06 14:10:13.115 DEBUG [vert.x-eventloop-thread-0] [io.netty.buffer.PooledByteBufAllocator.<clinit>(PooledByteBufAllocator.java:174)] - -Dio.netty.allocator.maxCachedByteBuffersPerChunk: 1023
2022-05-06 14:10:13.127 DEBUG [vert.x-eventloop-thread-0] [io.netty.channel.DefaultChannelId.<clinit>(DefaultChannelId.java:79)] - -Dio.netty.processId: 98995 (auto-detected)
2022-05-06 14:10:13.129 DEBUG [vert.x-eventloop-thread-0] [io.netty.channel.DefaultChannelId.<clinit>(DefaultChannelId.java:101)] - -Dio.netty.machineId: a0:78:17:ff:fe:b0:e2:09 (auto-detected)
2022-05-06 14:10:13.139 DEBUG [vert.x-eventloop-thread-0] [io.netty.buffer.ByteBufUtil.<clinit>(ByteBufUtil.java:87)] - -Dio.netty.allocator.type: pooled
2022-05-06 14:10:13.139 DEBUG [vert.x-eventloop-thread-0] [io.netty.buffer.ByteBufUtil.<clinit>(ByteBufUtil.java:96)] - -Dio.netty.threadLocalDirectBufferSize: 0
2022-05-06 14:10:13.139 DEBUG [vert.x-eventloop-thread-0] [io.netty.buffer.ByteBufUtil.<clinit>(ByteBufUtil.java:99)] - -Dio.netty.maxThreadLocalCharBufferSize: 16384
2022-05-06 22:19:33.091 DEBUG [main] [] - Using io.vertx.core.logging.Log4j2LogDelegateFactory
2022-05-06 22:19:33.130 DEBUG [main] [io.netty.util.internal.logging.InternalLoggerFactory.useLog4J2LoggerFactory(InternalLoggerFactory.java:76)] - Using Log4J2 as the default logging framework
2022-05-06 22:19:33.135 DEBUG [main] [io.netty.util.internal.PlatformDependent0.explicitNoUnsafeCause0(PlatformDependent0.java:460)] - -Dio.netty.noUnsafe: false
2022-05-06 22:19:33.135 DEBUG [main] [io.netty.util.internal.PlatformDependent0.javaVersion0(PlatformDependent0.java:954)] - Java version: 18
2022-05-06 22:19:33.136 DEBUG [main] [io.netty.util.internal.PlatformDependent0.<clinit>(PlatformDependent0.java:135)] - sun.misc.Unsafe.theUnsafe: available
2022-05-06 22:19:33.136 DEBUG [main] [io.netty.util.internal.PlatformDependent0.<clinit>(PlatformDependent0.java:159)] - sun.misc.Unsafe.copyMemory: available
2022-05-06 22:19:33.137 DEBUG [main] [io.netty.util.internal.PlatformDependent0.<clinit>(PlatformDependent0.java:202)] - java.nio.Buffer.address: available
2022-05-06 22:19:33.137 DEBUG [main] [io.netty.util.internal.PlatformDependent0.<clinit>(PlatformDependent0.java:285)] - direct buffer constructor: unavailable: Reflective setAccessible(true) disabled
2022-05-06 22:19:33.137 DEBUG [main] [io.netty.util.internal.PlatformDependent0.<clinit>(PlatformDependent0.java:350)] - java.nio.Bits.unaligned: available, true
2022-05-06 22:19:33.138 DEBUG [main] [io.netty.util.internal.PlatformDependent0.<clinit>(PlatformDependent0.java:417)] - jdk.internal.misc.Unsafe.allocateUninitializedArray(int): unavailable: class io.netty.util.internal.PlatformDependent0$6 cannot access class jdk.internal.misc.Unsafe (in module java.base) because module java.base does not export jdk.internal.misc to unnamed module @17baae6e
2022-05-06 22:19:33.139 DEBUG [main] [io.netty.util.internal.PlatformDependent0.<clinit>(PlatformDependent0.java:446)] - java.nio.DirectByteBuffer.<init>(long, int): unavailable
2022-05-06 22:19:33.139 DEBUG [main] [io.netty.util.internal.PlatformDependent.unsafeUnavailabilityCause0(PlatformDependent.java:1116)] - sun.misc.Unsafe: available
2022-05-06 22:19:33.139 DEBUG [main] [io.netty.util.internal.PlatformDependent.maxDirectMemory0(PlatformDependent.java:1218)] - maxDirectMemory: 4294967296 bytes (maybe)
2022-05-06 22:19:33.140 DEBUG [main] [io.netty.util.internal.PlatformDependent.tmpdir0(PlatformDependent.java:1237)] - -Dio.netty.tmpdir: /var/folders/34/h10wlv6x4yq878y4tb19s4bw0000gn/T (java.io.tmpdir)
2022-05-06 22:19:33.140 DEBUG [main] [io.netty.util.internal.PlatformDependent.bitMode0(PlatformDependent.java:1316)] - -Dio.netty.bitMode: 64 (sun.arch.data.model)
2022-05-06 22:19:33.140 DEBUG [main] [io.netty.util.internal.PlatformDependent.isOsx0(PlatformDependent.java:1084)] - Platform: MacOS
2022-05-06 22:19:33.142 DEBUG [main] [io.netty.util.internal.PlatformDependent.<clinit>(PlatformDependent.java:178)] - -Dio.netty.maxDirectMemory: -1 bytes
2022-05-06 22:19:33.143 DEBUG [main] [io.netty.util.internal.PlatformDependent.<clinit>(PlatformDependent.java:185)] - -Dio.netty.uninitializedArrayAllocationThreshold: -1
2022-05-06 22:19:33.143 DEBUG [main] [io.netty.util.internal.CleanerJava9.<clinit>(CleanerJava9.java:71)] - java.nio.ByteBuffer.cleaner(): available
2022-05-06 22:19:33.144 DEBUG [main] [io.netty.util.internal.PlatformDependent.<clinit>(PlatformDependent.java:205)] - -Dio.netty.noPreferDirect: false
2022-05-06 22:19:33.151 DEBUG [main] [io.netty.util.ResourceLeakDetector.<clinit>(ResourceLeakDetector.java:129)] - -Dio.netty.leakDetection.level: simple
2022-05-06 22:19:33.152 DEBUG [main] [io.netty.util.ResourceLeakDetector.<clinit>(ResourceLeakDetector.java:130)] - -Dio.netty.leakDetection.targetRecords: 4
2022-05-06 22:19:33.161 DEBUG [main] [io.netty.channel.MultithreadEventLoopGroup.<clinit>(MultithreadEventLoopGroup.java:44)] - -Dio.netty.eventLoopThreads: 16
2022-05-06 22:19:33.184 DEBUG [main] [io.netty.util.internal.InternalThreadLocalMap.<clinit>(InternalThreadLocalMap.java:86)] - -Dio.netty.threadLocalMap.stringBuilder.initialSize: 1024
2022-05-06 22:19:33.184 DEBUG [main] [io.netty.util.internal.InternalThreadLocalMap.<clinit>(InternalThreadLocalMap.java:89)] - -Dio.netty.threadLocalMap.stringBuilder.maxSize: 4096
2022-05-06 22:19:33.190 DEBUG [main] [io.netty.channel.nio.NioEventLoop.<clinit>(NioEventLoop.java:109)] - -Dio.netty.noKeySetOptimization: false
2022-05-06 22:19:33.191 DEBUG [main] [io.netty.channel.nio.NioEventLoop.<clinit>(NioEventLoop.java:110)] - -Dio.netty.selectorAutoRebuildThreshold: 512
2022-05-06 22:19:33.193 DEBUG [main] [io.netty.util.internal.PlatformDependent$Mpsc.<clinit>(PlatformDependent.java:967)] - org.jctools-core.MpscChunkedArrayQueue: available
2022-05-06 22:19:33.210 DEBUG [main] [io.netty.resolver.dns.DefaultDnsServerAddressStreamProvider.<clinit>(DefaultDnsServerAddressStreamProvider.java:80)] - Default DNS servers: [/192.168.0.1:53] (sun.net.dns.ResolverConfiguration)
2022-05-06 22:19:33.212 DEBUG [main] [io.netty.util.NetUtil.<clinit>(NetUtil.java:135)] - -Djava.net.preferIPv4Stack: false
2022-05-06 22:19:33.212 DEBUG [main] [io.netty.util.NetUtil.<clinit>(NetUtil.java:136)] - -Djava.net.preferIPv6Addresses: false
2022-05-06 22:19:33.215 DEBUG [main] [io.netty.util.NetUtilInitializations.determineLoopback(NetUtilInitializations.java:129)] - Loopback interface: lo0 (lo0, 0:0:0:0:0:0:0:1%lo0)
2022-05-06 22:19:33.216 DEBUG [main] [io.netty.util.NetUtil$1.run(NetUtil.java:187)] - Failed to get SOMAXCONN from sysctl and file /proc/sys/net/core/somaxconn. Default: 128
2022-05-06 22:20:37.209 DEBUG [main] [] - Using io.vertx.core.logging.Log4j2LogDelegateFactory
2022-05-06 22:20:37.237 DEBUG [main] [io.netty.util.internal.logging.InternalLoggerFactory.useLog4J2LoggerFactory(InternalLoggerFactory.java:76)] - Using Log4J2 as the default logging framework
2022-05-06 22:20:37.240 DEBUG [main] [io.netty.util.internal.PlatformDependent0.explicitNoUnsafeCause0(PlatformDependent0.java:460)] - -Dio.netty.noUnsafe: false
2022-05-06 22:20:37.241 DEBUG [main] [io.netty.util.internal.PlatformDependent0.javaVersion0(PlatformDependent0.java:954)] - Java version: 18
2022-05-06 22:20:37.242 DEBUG [main] [io.netty.util.internal.PlatformDependent0.<clinit>(PlatformDependent0.java:135)] - sun.misc.Unsafe.theUnsafe: available
2022-05-06 22:20:37.243 DEBUG [main] [io.netty.util.internal.PlatformDependent0.<clinit>(PlatformDependent0.java:159)] - sun.misc.Unsafe.copyMemory: available
2022-05-06 22:20:37.244 DEBUG [main] [io.netty.util.internal.PlatformDependent0.<clinit>(PlatformDependent0.java:202)] - java.nio.Buffer.address: available
2022-05-06 22:20:37.244 DEBUG [main] [io.netty.util.internal.PlatformDependent0.<clinit>(PlatformDependent0.java:285)] - direct buffer constructor: unavailable: Reflective setAccessible(true) disabled
2022-05-06 22:20:37.245 DEBUG [main] [io.netty.util.internal.PlatformDependent0.<clinit>(PlatformDependent0.java:350)] - java.nio.Bits.unaligned: available, true
2022-05-06 22:20:37.246 DEBUG [main] [io.netty.util.internal.PlatformDependent0.<clinit>(PlatformDependent0.java:417)] - jdk.internal.misc.Unsafe.allocateUninitializedArray(int): unavailable: class io.netty.util.internal.PlatformDependent0$6 cannot access class jdk.internal.misc.Unsafe (in module java.base) because module java.base does not export jdk.internal.misc to unnamed module @17baae6e
2022-05-06 22:20:37.246 DEBUG [main] [io.netty.util.internal.PlatformDependent0.<clinit>(PlatformDependent0.java:446)] - java.nio.DirectByteBuffer.<init>(long, int): unavailable
2022-05-06 22:20:37.246 DEBUG [main] [io.netty.util.internal.PlatformDependent.unsafeUnavailabilityCause0(PlatformDependent.java:1116)] - sun.misc.Unsafe: available
2022-05-06 22:20:37.247 DEBUG [main] [io.netty.util.internal.PlatformDependent.maxDirectMemory0(PlatformDependent.java:1218)] - maxDirectMemory: 4294967296 bytes (maybe)
2022-05-06 22:20:37.247 DEBUG [main] [io.netty.util.internal.PlatformDependent.tmpdir0(PlatformDependent.java:1237)] - -Dio.netty.tmpdir: /var/folders/34/h10wlv6x4yq878y4tb19s4bw0000gn/T (java.io.tmpdir)
2022-05-06 22:20:37.247 DEBUG [main] [io.netty.util.internal.PlatformDependent.bitMode0(PlatformDependent.java:1316)] - -Dio.netty.bitMode: 64 (sun.arch.data.model)
2022-05-06 22:20:37.247 DEBUG [main] [io.netty.util.internal.PlatformDependent.isOsx0(PlatformDependent.java:1084)] - Platform: MacOS
2022-05-06 22:20:37.248 DEBUG [main] [io.netty.util.internal.PlatformDependent.<clinit>(PlatformDependent.java:178)] - -Dio.netty.maxDirectMemory: -1 bytes
2022-05-06 22:20:37.248 DEBUG [main] [io.netty.util.internal.PlatformDependent.<clinit>(PlatformDependent.java:185)] - -Dio.netty.uninitializedArrayAllocationThreshold: -1
2022-05-06 22:20:37.250 DEBUG [main] [io.netty.util.internal.CleanerJava9.<clinit>(CleanerJava9.java:71)] - java.nio.ByteBuffer.cleaner(): available
2022-05-06 22:20:37.250 DEBUG [main] [io.netty.util.internal.PlatformDependent.<clinit>(PlatformDependent.java:205)] - -Dio.netty.noPreferDirect: false
2022-05-06 22:20:37.260 DEBUG [main] [io.netty.util.ResourceLeakDetector.<clinit>(ResourceLeakDetector.java:129)] - -Dio.netty.leakDetection.level: simple
2022-05-06 22:20:37.260 DEBUG [main] [io.netty.util.ResourceLeakDetector.<clinit>(ResourceLeakDetector.java:130)] - -Dio.netty.leakDetection.targetRecords: 4
2022-05-06 22:20:37.269 DEBUG [main] [io.netty.channel.MultithreadEventLoopGroup.<clinit>(MultithreadEventLoopGroup.java:44)] - -Dio.netty.eventLoopThreads: 16
2022-05-06 22:20:37.277 DEBUG [main] [io.netty.util.internal.InternalThreadLocalMap.<clinit>(InternalThreadLocalMap.java:86)] - -Dio.netty.threadLocalMap.stringBuilder.initialSize: 1024
2022-05-06 22:20:37.277 DEBUG [main] [io.netty.util.internal.InternalThreadLocalMap.<clinit>(InternalThreadLocalMap.java:89)] - -Dio.netty.threadLocalMap.stringBuilder.maxSize: 4096
2022-05-06 22:20:37.281 DEBUG [main] [io.netty.channel.nio.NioEventLoop.<clinit>(NioEventLoop.java:109)] - -Dio.netty.noKeySetOptimization: false
2022-05-06 22:20:37.281 DEBUG [main] [io.netty.channel.nio.NioEventLoop.<clinit>(NioEventLoop.java:110)] - -Dio.netty.selectorAutoRebuildThreshold: 512
2022-05-06 22:20:37.284 DEBUG [main] [io.netty.util.internal.PlatformDependent$Mpsc.<clinit>(PlatformDependent.java:967)] - org.jctools-core.MpscChunkedArrayQueue: available
2022-05-06 22:20:37.299 DEBUG [main] [io.netty.resolver.dns.DefaultDnsServerAddressStreamProvider.<clinit>(DefaultDnsServerAddressStreamProvider.java:80)] - Default DNS servers: [/192.168.0.1:53] (sun.net.dns.ResolverConfiguration)
2022-05-06 22:20:37.301 DEBUG [main] [io.netty.util.NetUtil.<clinit>(NetUtil.java:135)] - -Djava.net.preferIPv4Stack: false
2022-05-06 22:20:37.302 DEBUG [main] [io.netty.util.NetUtil.<clinit>(NetUtil.java:136)] - -Djava.net.preferIPv6Addresses: false
2022-05-06 22:20:37.307 DEBUG [main] [io.netty.util.NetUtilInitializations.determineLoopback(NetUtilInitializations.java:129)] - Loopback interface: lo0 (lo0, 0:0:0:0:0:0:0:1%lo0)
2022-05-06 22:20:37.308 DEBUG [main] [io.netty.util.NetUtil$1.run(NetUtil.java:187)] - Failed to get SOMAXCONN from sysctl and file /proc/sys/net/core/somaxconn. Default: 128
